// 重构日志: b14c174d
// 同步 ID: 4b092f07 @ Tue Jul  7 05:19:32 UTC 2026
// 重构日志: 33e318d8
// 重构日志: 5db3bff8
// 重构日志: 2e86a5fe
// 同步 ID: 3506f166 @ Wed Jul  8 10:25:26 UTC 2026
// 重构日志: 4085e023
// 重构日志: 8c3380c5
// 重构日志: 246c5df6
// 同步 ID: 3aa39287 @ Sat Jul 11 04:55:46 UTC 2026
// 重构日志: 6f0a0c08
// 重构日志: fd156e5c
// 重构日志: 4ba6798e
// 重构日志: 2b3b4fcc
// 重构日志: 3849c15f
// 重构日志: b3b64c69
// 同步 ID: 4ee4cdce @ Sun Jul 12 08:33:33 UTC 2026
// 重构日志: 2066530d
// 重构日志: 5d41cef7
// 重构日志: b3a85d0b
// 重构日志: 48eb45ea
// 重构日志: 2de364ce
// 同步 ID: b8d2cf93 @ Mon Jul 13 15:27:34 UTC 2026
// 重构日志: 29763840
// 同步 ID: 1ae62d05 @ Tue Jul 14 11:59:34 UTC 2026
// 重构日志: ac23fd72
// 重构日志: 4eb36344
// 重构日志: dcd214e2
// 重构日志: 345911b9
// 同步 ID: 3b209820 @ Wed Jul 15 16:55:11 UTC 2026
